<?xml version="1.0" encoding="UTF-8"?>
<!-- Generated by org.testng.reporters.JUnitReportReporter -->
<testsuite hostname="DESKTOP-84GIQU6" failures="0" tests="1" name="revenuePage.RevenuePage" time="46.421" errors="0" timestamp="2024-11-27T20:46:03 IST" skipped="0">
  <testcase classname="revenuePage.RevenuePage" name="setValue" time="46.421"/>
  <system-out/>
</testsuite> <!-- revenuePage.RevenuePage -->
